<?xml version="1.0" encoding="UTF-8"?>
<!-- Generated by org.testng.reporters.JUnitReportReporter -->
<testsuite hostname="LAPTOP-IKCSJ4JA" failures="0" tests="1" name="mavendemo.HomePageTests" time="18.997" errors="0" timestamp="2022-06-09T16:26:11 IST" skipped="0">
  <testcase classname="mavendemo.HomePageTests" name="verifyTitleOfTheHomePage" time="18.997"/>
  <system-out/>
</testsuite> <!-- mavendemo.HomePageTests -->
